Processing cortical_neurons samples...
Prefetching SRR7050886...
2025-03-21T15:12:15 prefetch.3.2.0: 1) Resolving 'SRR7050886'...
2025-03-21T15:12:16 prefetch.3.2.0: Current preference is set to retrieve SRA Normalized Format files with full base quality scores
2025-03-21T15:12:17 prefetch.3.2.0: 1) Downloading 'SRR7050886'...
2025-03-21T15:12:17 prefetch.3.2.0:  SRA Normalized Format file is being retrieved
2025-03-21T15:12:17 prefetch.3.2.0:  Downloading via HTTPS...
2025-03-21T15:12:40 prefetch.3.2.0:  HTTPS download succeed
2025-03-21T15:12:41 prefetch.3.2.0:  'SRR7050886' is valid: 879065318 bytes were streamed from 879057170
2025-03-21T15:12:41 prefetch.3.2.0: 1) 'SRR7050886' was downloaded successfully
2025-03-21T15:12:41 prefetch.3.2.0: 1) Resolving 'SRR7050886's dependencies...
2025-03-21T15:12:42 prefetch.3.2.0: 'SRR7050886' has 0 unresolved dependencies
Running fasterq-dump for SRR7050886...
spots read      : 34,010,938
reads read      : 68,021,876
reads written   : 34,010,938
reads 0-length  : 34,010,938
Error: FastQ files not created for SRR7050886
Prefetching SRR7050887...
2025-03-21T15:12:58 prefetch.3.2.0: 1) Resolving 'SRR7050887'...
2025-03-21T15:12:59 prefetch.3.2.0: Current preference is set to retrieve SRA Normalized Format files with full base quality scores
2025-03-21T15:12:59 prefetch.3.2.0: 1) Downloading 'SRR7050887'...
2025-03-21T15:12:59 prefetch.3.2.0:  SRA Normalized Format file is being retrieved
2025-03-21T15:12:59 prefetch.3.2.0:  Downloading via HTTPS...
2025-03-21T15:13:26 prefetch.3.2.0:  HTTPS download succeed
2025-03-21T15:13:28 prefetch.3.2.0:  'SRR7050887' is valid: 1012482586 bytes were streamed from 1012471529
2025-03-21T15:13:28 prefetch.3.2.0: 1) 'SRR7050887' was downloaded successfully
2025-03-21T15:13:28 prefetch.3.2.0: 1) Resolving 'SRR7050887's dependencies...
2025-03-21T15:13:28 prefetch.3.2.0: 'SRR7050887' has 0 unresolved dependencies
Running fasterq-dump for SRR7050887...
spots read      : 39,467,102
reads read      : 78,934,204
reads written   : 39,467,102
reads 0-length  : 39,467,102
Error: FastQ files not created for SRR7050887
Prefetching SRR8400799...
2025-03-21T15:13:47 prefetch.3.2.0: 1) Resolving 'SRR8400799'...
2025-03-21T15:13:48 prefetch.3.2.0: Current preference is set to retrieve SRA Normalized Format files with full base quality scores
2025-03-21T15:13:48 prefetch.3.2.0: 1) Downloading 'SRR8400799'...
2025-03-21T15:13:48 prefetch.3.2.0:  SRA Normalized Format file is being retrieved
2025-03-21T15:13:48 prefetch.3.2.0:  Downloading via HTTPS...
2025-03-21T15:13:51 prefetch.3.2.0:  HTTPS download succeed
2025-03-21T15:13:51 prefetch.3.2.0:  'SRR8400799' is valid: 89525597 bytes were streamed from 89513500
2025-03-21T15:13:51 prefetch.3.2.0: 1) 'SRR8400799' was downloaded successfully
2025-03-21T15:13:51 prefetch.3.2.0: 1) Resolving 'SRR8400799's dependencies...
2025-03-21T15:13:51 prefetch.3.2.0: 'SRR8400799' has 0 unresolved dependencies
Running fasterq-dump for SRR8400799...
spots read      : 3,578,694
reads read      : 7,157,388
reads written   : 3,578,694
reads 0-length  : 3,578,694
Error: FastQ files not created for SRR8400799
Prefetching SRR8400800...
2025-03-21T15:13:54 prefetch.3.2.0: 1) Resolving 'SRR8400800'...
2025-03-21T15:13:55 prefetch.3.2.0: Current preference is set to retrieve SRA Normalized Format files with full base quality scores
2025-03-21T15:13:56 prefetch.3.2.0: 1) Downloading 'SRR8400800'...
2025-03-21T15:13:56 prefetch.3.2.0:  SRA Normalized Format file is being retrieved
2025-03-21T15:13:56 prefetch.3.2.0:  Downloading via HTTPS...
2025-03-21T15:13:59 prefetch.3.2.0:  HTTPS download succeed
2025-03-21T15:13:59 prefetch.3.2.0:  'SRR8400800' is valid: 112728130 bytes were streamed from 112715499
2025-03-21T15:13:59 prefetch.3.2.0: 1) 'SRR8400800' was downloaded successfully
2025-03-21T15:13:59 prefetch.3.2.0: 1) Resolving 'SRR8400800's dependencies...
2025-03-21T15:13:59 prefetch.3.2.0: 'SRR8400800' has 0 unresolved dependencies
Running fasterq-dump for SRR8400800...
spots read      : 4,548,052
reads read      : 9,096,104
reads written   : 4,548,052
reads 0-length  : 4,548,052
Error: FastQ files not created for SRR8400800
Prefetching SRR8400801...
2025-03-21T15:14:03 prefetch.3.2.0: 1) Resolving 'SRR8400801'...
2025-03-21T15:14:04 prefetch.3.2.0: Current preference is set to retrieve SRA Normalized Format files with full base quality scores
2025-03-21T15:14:04 prefetch.3.2.0: 1) Downloading 'SRR8400801'...
2025-03-21T15:14:04 prefetch.3.2.0:  SRA Normalized Format file is being retrieved
2025-03-21T15:14:04 prefetch.3.2.0:  Downloading via HTTPS...
2025-03-21T15:14:07 prefetch.3.2.0:  HTTPS download succeed
2025-03-21T15:14:07 prefetch.3.2.0:  'SRR8400801' is valid: 75970629 bytes were streamed from 75959500
2025-03-21T15:14:07 prefetch.3.2.0: 1) 'SRR8400801' was downloaded successfully
2025-03-21T15:14:07 prefetch.3.2.0: 1) Resolving 'SRR8400801's dependencies...
2025-03-21T15:14:07 prefetch.3.2.0: 'SRR8400801' has 0 unresolved dependencies
Running fasterq-dump for SRR8400801...
spots read      : 3,052,244
reads read      : 6,104,488
reads written   : 3,052,244
reads 0-length  : 3,052,244
Error: FastQ files not created for SRR8400801
Prefetching SRR8400802...
2025-03-21T15:14:10 prefetch.3.2.0: 1) Resolving 'SRR8400802'...
2025-03-21T15:14:11 prefetch.3.2.0: Current preference is set to retrieve SRA Normalized Format files with full base quality scores
2025-03-21T15:14:11 prefetch.3.2.0: 1) Downloading 'SRR8400802'...
2025-03-21T15:14:11 prefetch.3.2.0:  SRA Normalized Format file is being retrieved
2025-03-21T15:14:11 prefetch.3.2.0:  Downloading via HTTPS...
2025-03-21T15:14:14 prefetch.3.2.0:  HTTPS download succeed
2025-03-21T15:14:14 prefetch.3.2.0:  'SRR8400802' is valid: 84117251 bytes were streamed from 84113500
2025-03-21T15:14:14 prefetch.3.2.0: 1) 'SRR8400802' was downloaded successfully
2025-03-21T15:14:14 prefetch.3.2.0: 1) Resolving 'SRR8400802's dependencies...
2025-03-21T15:14:14 prefetch.3.2.0: 'SRR8400802' has 0 unresolved dependencies
Running fasterq-dump for SRR8400802...
spots read      : 3,408,820
reads read      : 6,817,640
reads written   : 3,408,820
reads 0-length  : 3,408,820
Error: FastQ files not created for SRR8400802
Prefetching SRR8400803...
2025-03-21T15:14:17 prefetch.3.2.0: 1) Resolving 'SRR8400803'...
2025-03-21T15:14:18 prefetch.3.2.0: Current preference is set to retrieve SRA Normalized Format files with full base quality scores
2025-03-21T15:14:18 prefetch.3.2.0: 1) Downloading 'SRR8400803'...
2025-03-21T15:14:18 prefetch.3.2.0:  SRA Normalized Format file is being retrieved
2025-03-21T15:14:18 prefetch.3.2.0:  Downloading via HTTPS...
2025-03-21T15:14:20 prefetch.3.2.0:  HTTPS download succeed
2025-03-21T15:14:20 prefetch.3.2.0:  'SRR8400803' is valid: 73426825 bytes were streamed from 73418613
2025-03-21T15:14:20 prefetch.3.2.0: 1) 'SRR8400803' was downloaded successfully
2025-03-21T15:14:20 prefetch.3.2.0: 1) Resolving 'SRR8400803's dependencies...
2025-03-21T15:14:20 prefetch.3.2.0: 'SRR8400803' has 0 unresolved dependencies
Running fasterq-dump for SRR8400803...
spots read      : 2,966,742
reads read      : 5,933,484
reads written   : 2,966,742
reads 0-length  : 2,966,742
Error: FastQ files not created for SRR8400803
Prefetching SRR8400804...
2025-03-21T15:14:23 prefetch.3.2.0: 1) Resolving 'SRR8400804'...
2025-03-21T15:14:25 prefetch.3.2.0: Current preference is set to retrieve SRA Normalized Format files with full base quality scores
2025-03-21T15:14:25 prefetch.3.2.0: 1) Downloading 'SRR8400804'...
2025-03-21T15:14:25 prefetch.3.2.0:  SRA Normalized Format file is being retrieved
2025-03-21T15:14:25 prefetch.3.2.0:  Downloading via HTTPS...
2025-03-21T15:14:27 prefetch.3.2.0:  HTTPS download succeed
2025-03-21T15:14:27 prefetch.3.2.0:  'SRR8400804' is valid: 104519378 bytes were streamed from 104507499
2025-03-21T15:14:27 prefetch.3.2.0: 1) 'SRR8400804' was downloaded successfully
2025-03-21T15:14:27 prefetch.3.2.0: 1) Resolving 'SRR8400804's dependencies...
2025-03-21T15:14:28 prefetch.3.2.0: 'SRR8400804' has 0 unresolved dependencies
Running fasterq-dump for SRR8400804...
spots read      : 4,215,500
reads read      : 8,431,000
reads written   : 4,215,500
reads 0-length  : 4,215,500
Error: FastQ files not created for SRR8400804
Prefetching SRR15503436...
2025-03-21T15:14:31 prefetch.3.2.0: 1) Resolving 'SRR15503436'...
2025-03-21T15:14:32 prefetch.3.2.0: Current preference is set to retrieve SRA Normalized Format files with full base quality scores
2025-03-21T15:14:32 prefetch.3.2.0: 1) Downloading 'SRR15503436'...
2025-03-21T15:14:32 prefetch.3.2.0:  SRA Normalized Format file is being retrieved
2025-03-21T15:14:32 prefetch.3.2.0:  Downloading via HTTPS...
2025-03-21T15:14:39 prefetch.3.2.0:  HTTPS download succeed
2025-03-21T15:14:40 prefetch.3.2.0:  'SRR15503436' is valid: 226504816 bytes were streamed from 226493471
2025-03-21T15:14:40 prefetch.3.2.0: 1) 'SRR15503436' was downloaded successfully
2025-03-21T15:14:40 prefetch.3.2.0: 1) Resolving 'SRR15503436's dependencies...
2025-03-21T15:14:40 prefetch.3.2.0: 'SRR15503436' has 0 unresolved dependencies
Running fasterq-dump for SRR15503436...
spots read      : 6,940,482
reads read      : 13,880,964
reads written   : 6,940,482
reads 0-length  : 6,940,482
Error: FastQ files not created for SRR15503436
Prefetching SRR15503437...
2025-03-21T15:14:45 prefetch.3.2.0: 1) Resolving 'SRR15503437'...
2025-03-21T15:14:46 prefetch.3.2.0: Current preference is set to retrieve SRA Normalized Format files with full base quality scores
2025-03-21T15:14:46 prefetch.3.2.0: 1) Downloading 'SRR15503437'...
2025-03-21T15:14:46 prefetch.3.2.0:  SRA Normalized Format file is being retrieved
2025-03-21T15:14:46 prefetch.3.2.0:  Downloading via HTTPS...
2025-03-21T15:14:51 prefetch.3.2.0:  HTTPS download succeed
2025-03-21T15:14:52 prefetch.3.2.0:  'SRR15503437' is valid: 205776550 bytes were streamed from 205770623
2025-03-21T15:14:52 prefetch.3.2.0: 1) 'SRR15503437' was downloaded successfully
2025-03-21T15:14:52 prefetch.3.2.0: 1) Resolving 'SRR15503437's dependencies...
2025-03-21T15:14:52 prefetch.3.2.0: 'SRR15503437' has 0 unresolved dependencies
Running fasterq-dump for SRR15503437...
spots read      : 6,313,980
reads read      : 12,627,960
reads written   : 6,313,980
reads 0-length  : 6,313,980
Error: FastQ files not created for SRR15503437
Processing NPCs samples...
Prefetching SRR15503444...
2025-03-21T15:14:57 prefetch.3.2.0: 1) Resolving 'SRR15503444'...
2025-03-21T15:14:58 prefetch.3.2.0: Current preference is set to retrieve SRA Normalized Format files with full base quality scores
2025-03-21T15:14:58 prefetch.3.2.0: 1) Downloading 'SRR15503444'...
2025-03-21T15:14:58 prefetch.3.2.0:  SRA Normalized Format file is being retrieved
2025-03-21T15:14:58 prefetch.3.2.0:  Downloading via HTTPS...
2025-03-21T15:15:03 prefetch.3.2.0:  HTTPS download succeed
2025-03-21T15:15:04 prefetch.3.2.0:  'SRR15503444' is valid: 205258618 bytes were streamed from 205244503
2025-03-21T15:15:04 prefetch.3.2.0: 1) 'SRR15503444' was downloaded successfully
2025-03-21T15:15:04 prefetch.3.2.0: 1) Resolving 'SRR15503444's dependencies...
2025-03-21T15:15:04 prefetch.3.2.0: 'SRR15503444' has 0 unresolved dependencies
Running fasterq-dump for SRR15503444...
spots read      : 6,246,626
reads read      : 12,493,252
reads written   : 6,246,626
reads 0-length  : 6,246,626
Error: FastQ files not created for SRR15503444
Prefetching SRR15503445...
2025-03-21T15:15:09 prefetch.3.2.0: 1) Resolving 'SRR15503445'...
2025-03-21T15:15:10 prefetch.3.2.0: Current preference is set to retrieve SRA Normalized Format files with full base quality scores
2025-03-21T15:15:10 prefetch.3.2.0: 1) Downloading 'SRR15503445'...
2025-03-21T15:15:10 prefetch.3.2.0:  SRA Normalized Format file is being retrieved
2025-03-21T15:15:10 prefetch.3.2.0:  Downloading via HTTPS...
2025-03-21T15:15:16 prefetch.3.2.0:  HTTPS download succeed
2025-03-21T15:15:16 prefetch.3.2.0:  'SRR15503445' is valid: 211372962 bytes were streamed from 211364471
2025-03-21T15:15:16 prefetch.3.2.0: 1) 'SRR15503445' was downloaded successfully
2025-03-21T15:15:16 prefetch.3.2.0: 1) Resolving 'SRR15503445's dependencies...
2025-03-21T15:15:16 prefetch.3.2.0: 'SRR15503445' has 0 unresolved dependencies
Running fasterq-dump for SRR15503445...
spots read      : 6,463,817
reads read      : 12,927,634
reads written   : 6,463,817
reads 0-length  : 6,463,817
Error: FastQ files not created for SRR15503445
Processing fetal_astrocytes  samples...
/var/spool/slurmd/job821101/slurm_script: line 39: cd: too many arguments
Prefetching SRR7050888...
2025-03-21T15:15:21 prefetch.3.2.0: 1) Resolving 'SRR7050888'...
2025-03-21T15:15:22 prefetch.3.2.0: Current preference is set to retrieve SRA Normalized Format files with full base quality scores
2025-03-21T15:15:22 prefetch.3.2.0: 1) Downloading 'SRR7050888'...
2025-03-21T15:15:22 prefetch.3.2.0:  SRA Normalized Format file is being retrieved
2025-03-21T15:15:22 prefetch.3.2.0:  Downloading via HTTPS...
2025-03-21T15:15:47 prefetch.3.2.0:  HTTPS download succeed
2025-03-21T15:15:49 prefetch.3.2.0:  'SRR7050888' is valid: 910130782 bytes were streamed from 910118238
2025-03-21T15:15:49 prefetch.3.2.0: 1) 'SRR7050888' was downloaded successfully
2025-03-21T15:15:49 prefetch.3.2.0: 1) Resolving 'SRR7050888's dependencies...
2025-03-21T15:15:49 prefetch.3.2.0: 'SRR7050888' has 0 unresolved dependencies
Running fasterq-dump for SRR7050888...
spots read      : 49,124,110
reads read      : 98,248,220
reads written   : 49,124,110
reads 0-length  : 49,124,110
Error: FastQ files not created for SRR7050888
Prefetching SRR7050889...
2025-03-21T15:16:11 prefetch.3.2.0: 1) Resolving 'SRR7050889'...
2025-03-21T15:16:12 prefetch.3.2.0: Current preference is set to retrieve SRA Normalized Format files with full base quality scores
2025-03-21T15:16:12 prefetch.3.2.0: 1) Downloading 'SRR7050889'...
2025-03-21T15:16:12 prefetch.3.2.0:  SRA Normalized Format file is being retrieved
2025-03-21T15:16:12 prefetch.3.2.0:  Downloading via HTTPS...
2025-03-21T15:16:19 prefetch.3.2.0:  HTTPS download succeed
2025-03-21T15:16:19 prefetch.3.2.0:  'SRR7050889' is valid: 228940385 bytes were streamed from 228932499
2025-03-21T15:16:19 prefetch.3.2.0: 1) 'SRR7050889' was downloaded successfully
2025-03-21T15:16:19 prefetch.3.2.0: 1) Resolving 'SRR7050889's dependencies...
2025-03-21T15:16:19 prefetch.3.2.0: 'SRR7050889' has 0 unresolved dependencies
Running fasterq-dump for SRR7050889...
spots read      : 12,269,117
reads read      : 24,538,234
reads written   : 12,269,117
reads 0-length  : 12,269,117
Error: FastQ files not created for SRR7050889
Processing astrocytes samples...
Prefetching SRR15503422...
2025-03-21T15:16:26 prefetch.3.2.0: 1) Resolving 'SRR15503422'...
2025-03-21T15:16:27 prefetch.3.2.0: Current preference is set to retrieve SRA Normalized Format files with full base quality scores
2025-03-21T15:16:27 prefetch.3.2.0: 1) Downloading 'SRR15503422'...
2025-03-21T15:16:27 prefetch.3.2.0:  SRA Normalized Format file is being retrieved
2025-03-21T15:16:27 prefetch.3.2.0:  Downloading via HTTPS...
2025-03-21T15:16:31 prefetch.3.2.0:  HTTPS download succeed
2025-03-21T15:16:32 prefetch.3.2.0:  'SRR15503422' is valid: 185584489 bytes were streamed from 185579491
2025-03-21T15:16:32 prefetch.3.2.0: 1) 'SRR15503422' was downloaded successfully
2025-03-21T15:16:32 prefetch.3.2.0: 1) Resolving 'SRR15503422's dependencies...
2025-03-21T15:16:32 prefetch.3.2.0: 'SRR15503422' has 0 unresolved dependencies
Running fasterq-dump for SRR15503422...
spots read      : 5,428,693
reads read      : 10,857,386
reads written   : 5,428,693
reads 0-length  : 5,428,693
Error: FastQ files not created for SRR15503422
Prefetching SRR15503424...
2025-03-21T15:16:36 prefetch.3.2.0: 1) Resolving 'SRR15503424'...
2025-03-21T15:16:37 prefetch.3.2.0: Current preference is set to retrieve SRA Normalized Format files with full base quality scores
2025-03-21T15:16:37 prefetch.3.2.0: 1) Downloading 'SRR15503424'...
2025-03-21T15:16:37 prefetch.3.2.0:  SRA Normalized Format file is being retrieved
2025-03-21T15:16:37 prefetch.3.2.0:  Downloading via HTTPS...
2025-03-21T15:16:44 prefetch.3.2.0:  HTTPS download succeed
2025-03-21T15:16:45 prefetch.3.2.0:  'SRR15503424' is valid: 260701254 bytes were streamed from 260693503
2025-03-21T15:16:45 prefetch.3.2.0: 1) 'SRR15503424' was downloaded successfully
2025-03-21T15:16:45 prefetch.3.2.0: 1) Resolving 'SRR15503424's dependencies...
2025-03-21T15:16:45 prefetch.3.2.0: 'SRR15503424' has 0 unresolved dependencies
Running fasterq-dump for SRR15503424...
spots read      : 7,826,950
reads read      : 15,653,900
reads written   : 7,826,950
reads 0-length  : 7,826,950
Error: FastQ files not created for SRR15503424
Prefetching SRR15503426...
2025-03-21T15:16:51 prefetch.3.2.0: 1) Resolving 'SRR15503426'...
2025-03-21T15:16:52 prefetch.3.2.0: Current preference is set to retrieve SRA Normalized Format files with full base quality scores
2025-03-21T15:16:52 prefetch.3.2.0: 1) Downloading 'SRR15503426'...
2025-03-21T15:16:52 prefetch.3.2.0:  SRA Normalized Format file is being retrieved
2025-03-21T15:16:52 prefetch.3.2.0:  Downloading via HTTPS...
2025-03-21T15:16:56 prefetch.3.2.0:  HTTPS download succeed
2025-03-21T15:16:57 prefetch.3.2.0:  'SRR15503426' is valid: 186168830 bytes were streamed from 186155483
2025-03-21T15:16:57 prefetch.3.2.0: 1) 'SRR15503426' was downloaded successfully
2025-03-21T15:16:57 prefetch.3.2.0: 1) Resolving 'SRR15503426's dependencies...
2025-03-21T15:16:57 prefetch.3.2.0: 'SRR15503426' has 0 unresolved dependencies
Running fasterq-dump for SRR15503426...
spots read      : 5,594,468
reads read      : 11,188,936
reads written   : 5,594,468
reads 0-length  : 5,594,468
Error: FastQ files not created for SRR15503426
Prefetching SRR15503428...
2025-03-21T15:17:01 prefetch.3.2.0: 1) Resolving 'SRR15503428'...
2025-03-21T15:17:03 prefetch.3.2.0: Current preference is set to retrieve SRA Normalized Format files with full base quality scores
2025-03-21T15:17:04 prefetch.3.2.0: 1) Downloading 'SRR15503428'...
2025-03-21T15:17:04 prefetch.3.2.0:  SRA Normalized Format file is being retrieved
2025-03-21T15:17:04 prefetch.3.2.0:  Downloading via HTTPS...
2025-03-21T15:17:10 prefetch.3.2.0:  HTTPS download succeed
2025-03-21T15:17:10 prefetch.3.2.0:  'SRR15503428' is valid: 214125129 bytes were streamed from 214118503
2025-03-21T15:17:10 prefetch.3.2.0: 1) 'SRR15503428' was downloaded successfully
2025-03-21T15:17:10 prefetch.3.2.0: 1) Resolving 'SRR15503428's dependencies...
2025-03-21T15:17:10 prefetch.3.2.0: 'SRR15503428' has 0 unresolved dependencies
Running fasterq-dump for SRR15503428...
spots read      : 6,546,151
reads read      : 13,092,302
reads written   : 6,546,151
reads 0-length  : 6,546,151
Error: FastQ files not created for SRR15503428
Prefetching SRR15503430...
2025-03-21T15:17:15 prefetch.3.2.0: 1) Resolving 'SRR15503430'...
2025-03-21T15:17:16 prefetch.3.2.0: Current preference is set to retrieve SRA Normalized Format files with full base quality scores
2025-03-21T15:17:16 prefetch.3.2.0: 1) Downloading 'SRR15503430'...
2025-03-21T15:17:16 prefetch.3.2.0:  SRA Normalized Format file is being retrieved
2025-03-21T15:17:16 prefetch.3.2.0:  Downloading via HTTPS...
2025-03-21T15:17:21 prefetch.3.2.0:  HTTPS download succeed
2025-03-21T15:17:22 prefetch.3.2.0:  'SRR15503430' is valid: 188288196 bytes were streamed from 188283963
2025-03-21T15:17:22 prefetch.3.2.0: 1) 'SRR15503430' was downloaded successfully
2025-03-21T15:17:22 prefetch.3.2.0: 1) Resolving 'SRR15503430's dependencies...
2025-03-21T15:17:22 prefetch.3.2.0: 'SRR15503430' has 0 unresolved dependencies
Running fasterq-dump for SRR15503430...
spots read      : 5,749,909
reads read      : 11,499,818
reads written   : 5,749,909
reads 0-length  : 5,749,909
Error: FastQ files not created for SRR15503430
Prefetching SRR15503440...
2025-03-21T15:17:26 prefetch.3.2.0: 1) Resolving 'SRR15503440'...
2025-03-21T15:17:27 prefetch.3.2.0: Current preference is set to retrieve SRA Normalized Format files with full base quality scores
2025-03-21T15:17:27 prefetch.3.2.0: 1) Downloading 'SRR15503440'...
2025-03-21T15:17:27 prefetch.3.2.0:  SRA Normalized Format file is being retrieved
2025-03-21T15:17:27 prefetch.3.2.0:  Downloading via HTTPS...
2025-03-21T15:17:33 prefetch.3.2.0:  HTTPS download succeed
2025-03-21T15:17:34 prefetch.3.2.0:  'SRR15503440' is valid: 202157144 bytes were streamed from 202148471
2025-03-21T15:17:34 prefetch.3.2.0: 1) 'SRR15503440' was downloaded successfully
2025-03-21T15:17:34 prefetch.3.2.0: 1) Resolving 'SRR15503440's dependencies...
2025-03-21T15:17:34 prefetch.3.2.0: 'SRR15503440' has 0 unresolved dependencies
Running fasterq-dump for SRR15503440...
spots read      : 6,249,056
reads read      : 12,498,112
reads written   : 6,249,056
reads 0-length  : 6,249,056
Error: FastQ files not created for SRR15503440
Prefetching SRR15503432...
2025-03-21T15:17:38 prefetch.3.2.0: 1) Resolving 'SRR15503432'...
2025-03-21T15:17:39 prefetch.3.2.0: Current preference is set to retrieve SRA Normalized Format files with full base quality scores
2025-03-21T15:17:40 prefetch.3.2.0: 1) Downloading 'SRR15503432'...
2025-03-21T15:17:40 prefetch.3.2.0:  SRA Normalized Format file is being retrieved
2025-03-21T15:17:40 prefetch.3.2.0:  Downloading via HTTPS...
2025-03-21T15:17:45 prefetch.3.2.0:  HTTPS download succeed
2025-03-21T15:17:46 prefetch.3.2.0:  'SRR15503432' is valid: 195179077 bytes were streamed from 195173503
2025-03-21T15:17:46 prefetch.3.2.0: 1) 'SRR15503432' was downloaded successfully
2025-03-21T15:17:46 prefetch.3.2.0: 1) Resolving 'SRR15503432's dependencies...
2025-03-21T15:17:46 prefetch.3.2.0: 'SRR15503432' has 0 unresolved dependencies
Running fasterq-dump for SRR15503432...
spots read      : 5,938,851
reads read      : 11,877,702
reads written   : 5,938,851
reads 0-length  : 5,938,851
Error: FastQ files not created for SRR15503432
Prefetching SRR15503434...
2025-03-21T15:17:50 prefetch.3.2.0: 1) Resolving 'SRR15503434'...
2025-03-21T15:17:51 prefetch.3.2.0: Current preference is set to retrieve SRA Normalized Format files with full base quality scores
2025-03-21T15:17:52 prefetch.3.2.0: 1) Downloading 'SRR15503434'...
2025-03-21T15:17:52 prefetch.3.2.0:  SRA Normalized Format file is being retrieved
2025-03-21T15:17:52 prefetch.3.2.0:  Downloading via HTTPS...
2025-03-21T15:17:58 prefetch.3.2.0:  HTTPS download succeed
2025-03-21T15:17:58 prefetch.3.2.0:  'SRR15503434' is valid: 229782750 bytes were streamed from 229769471
2025-03-21T15:17:58 prefetch.3.2.0: 1) 'SRR15503434' was downloaded successfully
2025-03-21T15:17:58 prefetch.3.2.0: 1) Resolving 'SRR15503434's dependencies...
2025-03-21T15:17:58 prefetch.3.2.0: 'SRR15503434' has 0 unresolved dependencies
Running fasterq-dump for SRR15503434...
spots read      : 6,955,844
reads read      : 13,911,688
reads written   : 6,955,844
reads 0-length  : 6,955,844
Error: FastQ files not created for SRR15503434
Prefetching SRR15503442...
2025-03-21T15:18:03 prefetch.3.2.0: 1) Resolving 'SRR15503442'...
2025-03-21T15:18:04 prefetch.3.2.0: Current preference is set to retrieve SRA Normalized Format files with full base quality scores
2025-03-21T15:18:04 prefetch.3.2.0: 1) Downloading 'SRR15503442'...
2025-03-21T15:18:04 prefetch.3.2.0:  SRA Normalized Format file is being retrieved
2025-03-21T15:18:04 prefetch.3.2.0:  Downloading via HTTPS...
2025-03-21T15:18:10 prefetch.3.2.0:  HTTPS download succeed
2025-03-21T15:18:11 prefetch.3.2.0:  'SRR15503442' is valid: 202001556 bytes were streamed from 201995503
2025-03-21T15:18:11 prefetch.3.2.0: 1) 'SRR15503442' was downloaded successfully
2025-03-21T15:18:11 prefetch.3.2.0: 1) Resolving 'SRR15503442's dependencies...
2025-03-21T15:18:11 prefetch.3.2.0: 'SRR15503442' has 0 unresolved dependencies
Running fasterq-dump for SRR15503442...
spots read      : 6,164,634
reads read      : 12,329,268
reads written   : 6,164,634
reads 0-length  : 6,164,634
Error: FastQ files not created for SRR15503442
Prefetching SRR15503448...
2025-03-21T15:18:15 prefetch.3.2.0: 1) Resolving 'SRR15503448'...
2025-03-21T15:18:16 prefetch.3.2.0: Current preference is set to retrieve SRA Normalized Format files with full base quality scores
2025-03-21T15:18:17 prefetch.3.2.0: 1) Downloading 'SRR15503448'...
2025-03-21T15:18:17 prefetch.3.2.0:  SRA Normalized Format file is being retrieved
2025-03-21T15:18:17 prefetch.3.2.0:  Downloading via HTTPS...
2025-03-21T15:18:23 prefetch.3.2.0:  HTTPS download succeed
2025-03-21T15:18:23 prefetch.3.2.0:  'SRR15503448' is valid: 214951949 bytes were streamed from 214942303
2025-03-21T15:18:23 prefetch.3.2.0: 1) 'SRR15503448' was downloaded successfully
2025-03-21T15:18:23 prefetch.3.2.0: 1) Resolving 'SRR15503448's dependencies...
2025-03-21T15:18:23 prefetch.3.2.0: 'SRR15503448' has 0 unresolved dependencies
Running fasterq-dump for SRR15503448...
spots read      : 6,382,250
reads read      : 12,764,500
reads written   : 6,382,250
reads 0-length  : 6,382,250
Error: FastQ files not created for SRR15503448
Prefetching SRR15503450...
2025-03-21T15:18:28 prefetch.3.2.0: 1) Resolving 'SRR15503450'...
2025-03-21T15:18:29 prefetch.3.2.0: Current preference is set to retrieve SRA Normalized Format files with full base quality scores
2025-03-21T15:18:29 prefetch.3.2.0: 1) Downloading 'SRR15503450'...
2025-03-21T15:18:29 prefetch.3.2.0:  SRA Normalized Format file is being retrieved
2025-03-21T15:18:29 prefetch.3.2.0:  Downloading via HTTPS...
2025-03-21T15:18:38 prefetch.3.2.0:  HTTPS download succeed
2025-03-21T15:18:39 prefetch.3.2.0:  'SRR15503450' is valid: 297943044 bytes were streamed from 297930243
2025-03-21T15:18:39 prefetch.3.2.0: 1) 'SRR15503450' was downloaded successfully
2025-03-21T15:18:39 prefetch.3.2.0: 1) Resolving 'SRR15503450's dependencies...
2025-03-21T15:18:39 prefetch.3.2.0: 'SRR15503450' has 0 unresolved dependencies
Running fasterq-dump for SRR15503450...
spots read      : 8,926,242
reads read      : 17,852,484
reads written   : 8,926,242
reads 0-length  : 8,926,242
Error: FastQ files not created for SRR15503450
Prefetching SRR15503452...
2025-03-21T15:18:45 prefetch.3.2.0: 1) Resolving 'SRR15503452'...
2025-03-21T15:18:46 prefetch.3.2.0: Current preference is set to retrieve SRA Normalized Format files with full base quality scores
2025-03-21T15:18:46 prefetch.3.2.0: 1) Downloading 'SRR15503452'...
2025-03-21T15:18:46 prefetch.3.2.0:  SRA Normalized Format file is being retrieved
2025-03-21T15:18:46 prefetch.3.2.0:  Downloading via HTTPS...
2025-03-21T15:18:53 prefetch.3.2.0:  HTTPS download succeed
2025-03-21T15:18:54 prefetch.3.2.0:  'SRR15503452' is valid: 257499804 bytes were streamed from 257487111
2025-03-21T15:18:54 prefetch.3.2.0: 1) 'SRR15503452' was downloaded successfully
2025-03-21T15:18:54 prefetch.3.2.0: 1) Resolving 'SRR15503452's dependencies...
2025-03-21T15:18:54 prefetch.3.2.0: 'SRR15503452' has 0 unresolved dependencies
Running fasterq-dump for SRR15503452...
spots read      : 7,766,583
reads read      : 15,533,166
reads written   : 7,766,583
reads 0-length  : 7,766,583
Error: FastQ files not created for SRR15503452

Download process completed! 
Check /fs/scratch/PAS2598/All_RNAseq_Samples/download_report.txt for detailed information.
