Processing cortical_neurons samples...
Prefetching SRR7050886...
2025-03-21T16:06:04 prefetch.3.2.0: 1) Resolving 'SRR7050886'...
2025-03-21T16:06:09 prefetch.3.2.0: Current preference is set to retrieve SRA Normalized Format files with full base quality scores
2025-03-21T16:06:09 prefetch.3.2.0: 1) 'SRR7050886' is found locally 
2025-03-21T16:06:09 prefetch.3.2.0: 1) Resolving 'SRR7050886's dependencies...
2025-03-21T16:06:09 prefetch.3.2.0: 'SRR7050886' has 0 unresolved dependencies
Running fasterq-dump for SRR7050886...
2025-03-21T16:06:12 fasterq-dump.3.2.0 err: param unknown while parsing argument list within application support module - Unknown argument '--gzip'
2025-03-21T16:06:12 fasterq-dump.3.2.0 err: ArgsMakeAndHandle() -> RC(rcApp,rcArgv,rcParsing,rcParam,rcUnknown)
fasterq-dump quit with error code 3
Error: FastQ file not created for SRR7050886
Prefetching SRR7050887...
2025-03-21T16:06:13 prefetch.3.2.0: 1) Resolving 'SRR7050887'...
2025-03-21T16:06:19 prefetch.3.2.0: Current preference is set to retrieve SRA Normalized Format files with full base quality scores
2025-03-21T16:06:19 prefetch.3.2.0: 1) 'SRR7050887' is found locally 
2025-03-21T16:06:19 prefetch.3.2.0: 1) Resolving 'SRR7050887's dependencies...
2025-03-21T16:06:19 prefetch.3.2.0: 'SRR7050887' has 0 unresolved dependencies
Running fasterq-dump for SRR7050887...
2025-03-21T16:06:20 fasterq-dump.3.2.0 err: param unknown while parsing argument list within application support module - Unknown argument '--gzip'
2025-03-21T16:06:20 fasterq-dump.3.2.0 err: ArgsMakeAndHandle() -> RC(rcApp,rcArgv,rcParsing,rcParam,rcUnknown)
fasterq-dump quit with error code 3
Error: FastQ file not created for SRR7050887
Prefetching SRR8400799...
2025-03-21T16:06:20 prefetch.3.2.0: 1) Resolving 'SRR8400799'...
2025-03-21T16:06:21 prefetch.3.2.0: Current preference is set to retrieve SRA Normalized Format files with full base quality scores
2025-03-21T16:06:21 prefetch.3.2.0: 1) 'SRR8400799' is found locally 
2025-03-21T16:06:21 prefetch.3.2.0: 1) Resolving 'SRR8400799's dependencies...
2025-03-21T16:06:21 prefetch.3.2.0: 'SRR8400799' has 0 unresolved dependencies
Running fasterq-dump for SRR8400799...
2025-03-21T16:06:23 fasterq-dump.3.2.0 err: param unknown while parsing argument list within application support module - Unknown argument '--gzip'
2025-03-21T16:06:23 fasterq-dump.3.2.0 err: ArgsMakeAndHandle() -> RC(rcApp,rcArgv,rcParsing,rcParam,rcUnknown)
fasterq-dump quit with error code 3
Error: FastQ file not created for SRR8400799
Prefetching SRR8400800...
2025-03-21T16:06:23 prefetch.3.2.0: 1) Resolving 'SRR8400800'...
2025-03-21T16:06:24 prefetch.3.2.0: Current preference is set to retrieve SRA Normalized Format files with full base quality scores
2025-03-21T16:06:24 prefetch.3.2.0: 1) 'SRR8400800' is found locally 
2025-03-21T16:06:24 prefetch.3.2.0: 1) Resolving 'SRR8400800's dependencies...
2025-03-21T16:06:24 prefetch.3.2.0: 'SRR8400800' has 0 unresolved dependencies
Running fasterq-dump for SRR8400800...
2025-03-21T16:06:25 fasterq-dump.3.2.0 err: param unknown while parsing argument list within application support module - Unknown argument '--gzip'
2025-03-21T16:06:25 fasterq-dump.3.2.0 err: ArgsMakeAndHandle() -> RC(rcApp,rcArgv,rcParsing,rcParam,rcUnknown)
fasterq-dump quit with error code 3
Error: FastQ file not created for SRR8400800
Prefetching SRR8400801...
2025-03-21T16:06:25 prefetch.3.2.0: 1) Resolving 'SRR8400801'...
2025-03-21T16:06:26 prefetch.3.2.0: Current preference is set to retrieve SRA Normalized Format files with full base quality scores
2025-03-21T16:06:26 prefetch.3.2.0: 1) 'SRR8400801' is found locally 
2025-03-21T16:06:26 prefetch.3.2.0: 1) Resolving 'SRR8400801's dependencies...
2025-03-21T16:06:26 prefetch.3.2.0: 'SRR8400801' has 0 unresolved dependencies
Running fasterq-dump for SRR8400801...
2025-03-21T16:06:28 fasterq-dump.3.2.0 err: param unknown while parsing argument list within application support module - Unknown argument '--gzip'
2025-03-21T16:06:28 fasterq-dump.3.2.0 err: ArgsMakeAndHandle() -> RC(rcApp,rcArgv,rcParsing,rcParam,rcUnknown)
fasterq-dump quit with error code 3
Error: FastQ file not created for SRR8400801
Prefetching SRR8400802...
2025-03-21T16:06:28 prefetch.3.2.0: 1) Resolving 'SRR8400802'...
2025-03-21T16:06:29 prefetch.3.2.0: Current preference is set to retrieve SRA Normalized Format files with full base quality scores
2025-03-21T16:06:29 prefetch.3.2.0: 1) 'SRR8400802' is found locally 
2025-03-21T16:06:29 prefetch.3.2.0: 1) Resolving 'SRR8400802's dependencies...
2025-03-21T16:06:29 prefetch.3.2.0: 'SRR8400802' has 0 unresolved dependencies
Running fasterq-dump for SRR8400802...
2025-03-21T16:06:30 fasterq-dump.3.2.0 err: param unknown while parsing argument list within application support module - Unknown argument '--gzip'
2025-03-21T16:06:30 fasterq-dump.3.2.0 err: ArgsMakeAndHandle() -> RC(rcApp,rcArgv,rcParsing,rcParam,rcUnknown)
fasterq-dump quit with error code 3
Error: FastQ file not created for SRR8400802
Prefetching SRR8400803...
2025-03-21T16:06:30 prefetch.3.2.0: 1) Resolving 'SRR8400803'...
2025-03-21T16:06:31 prefetch.3.2.0: Current preference is set to retrieve SRA Normalized Format files with full base quality scores
2025-03-21T16:06:31 prefetch.3.2.0: 1) 'SRR8400803' is found locally 
2025-03-21T16:06:31 prefetch.3.2.0: 1) Resolving 'SRR8400803's dependencies...
2025-03-21T16:06:31 prefetch.3.2.0: 'SRR8400803' has 0 unresolved dependencies
Running fasterq-dump for SRR8400803...
2025-03-21T16:06:33 fasterq-dump.3.2.0 err: param unknown while parsing argument list within application support module - Unknown argument '--gzip'
2025-03-21T16:06:33 fasterq-dump.3.2.0 err: ArgsMakeAndHandle() -> RC(rcApp,rcArgv,rcParsing,rcParam,rcUnknown)
fasterq-dump quit with error code 3
Error: FastQ file not created for SRR8400803
Prefetching SRR8400804...
2025-03-21T16:06:33 prefetch.3.2.0: 1) Resolving 'SRR8400804'...
2025-03-21T16:06:34 prefetch.3.2.0: Current preference is set to retrieve SRA Normalized Format files with full base quality scores
2025-03-21T16:06:34 prefetch.3.2.0: 1) 'SRR8400804' is found locally 
2025-03-21T16:06:34 prefetch.3.2.0: 1) Resolving 'SRR8400804's dependencies...
2025-03-21T16:06:34 prefetch.3.2.0: 'SRR8400804' has 0 unresolved dependencies
Running fasterq-dump for SRR8400804...
2025-03-21T16:06:35 fasterq-dump.3.2.0 err: param unknown while parsing argument list within application support module - Unknown argument '--gzip'
2025-03-21T16:06:35 fasterq-dump.3.2.0 err: ArgsMakeAndHandle() -> RC(rcApp,rcArgv,rcParsing,rcParam,rcUnknown)
fasterq-dump quit with error code 3
Error: FastQ file not created for SRR8400804
Prefetching SRR15503436...
2025-03-21T16:06:35 prefetch.3.2.0: 1) Resolving 'SRR15503436'...
2025-03-21T16:06:36 prefetch.3.2.0: Current preference is set to retrieve SRA Normalized Format files with full base quality scores
2025-03-21T16:06:37 prefetch.3.2.0: 1) 'SRR15503436' is found locally 
2025-03-21T16:06:37 prefetch.3.2.0: 1) Resolving 'SRR15503436's dependencies...
2025-03-21T16:06:37 prefetch.3.2.0: 'SRR15503436' has 0 unresolved dependencies
Running fasterq-dump for SRR15503436...
2025-03-21T16:06:38 fasterq-dump.3.2.0 err: param unknown while parsing argument list within application support module - Unknown argument '--gzip'
2025-03-21T16:06:38 fasterq-dump.3.2.0 err: ArgsMakeAndHandle() -> RC(rcApp,rcArgv,rcParsing,rcParam,rcUnknown)
fasterq-dump quit with error code 3
Error: FastQ file not created for SRR15503436
Prefetching SRR15503437...
2025-03-21T16:06:38 prefetch.3.2.0: 1) Resolving 'SRR15503437'...
2025-03-21T16:06:39 prefetch.3.2.0: Current preference is set to retrieve SRA Normalized Format files with full base quality scores
2025-03-21T16:06:39 prefetch.3.2.0: 1) 'SRR15503437' is found locally 
2025-03-21T16:06:39 prefetch.3.2.0: 1) Resolving 'SRR15503437's dependencies...
2025-03-21T16:06:39 prefetch.3.2.0: 'SRR15503437' has 0 unresolved dependencies
Running fasterq-dump for SRR15503437...
2025-03-21T16:06:40 fasterq-dump.3.2.0 err: param unknown while parsing argument list within application support module - Unknown argument '--gzip'
2025-03-21T16:06:40 fasterq-dump.3.2.0 err: ArgsMakeAndHandle() -> RC(rcApp,rcArgv,rcParsing,rcParam,rcUnknown)
fasterq-dump quit with error code 3
Error: FastQ file not created for SRR15503437
Processing NPCs samples...
Prefetching SRR15503444...
2025-03-21T16:06:40 prefetch.3.2.0: 1) Resolving 'SRR15503444'...
2025-03-21T16:06:42 prefetch.3.2.0: Current preference is set to retrieve SRA Normalized Format files with full base quality scores
2025-03-21T16:06:42 prefetch.3.2.0: 1) 'SRR15503444' is found locally 
2025-03-21T16:06:42 prefetch.3.2.0: 1) Resolving 'SRR15503444's dependencies...
2025-03-21T16:06:42 prefetch.3.2.0: 'SRR15503444' has 0 unresolved dependencies
Running fasterq-dump for SRR15503444...
2025-03-21T16:06:43 fasterq-dump.3.2.0 err: param unknown while parsing argument list within application support module - Unknown argument '--gzip'
2025-03-21T16:06:43 fasterq-dump.3.2.0 err: ArgsMakeAndHandle() -> RC(rcApp,rcArgv,rcParsing,rcParam,rcUnknown)
fasterq-dump quit with error code 3
Error: FastQ file not created for SRR15503444
Prefetching SRR15503445...
2025-03-21T16:06:43 prefetch.3.2.0: 1) Resolving 'SRR15503445'...
2025-03-21T16:06:44 prefetch.3.2.0: Current preference is set to retrieve SRA Normalized Format files with full base quality scores
2025-03-21T16:06:44 prefetch.3.2.0: 1) 'SRR15503445' is found locally 
2025-03-21T16:06:44 prefetch.3.2.0: 1) Resolving 'SRR15503445's dependencies...
2025-03-21T16:06:44 prefetch.3.2.0: 'SRR15503445' has 0 unresolved dependencies
Running fasterq-dump for SRR15503445...
2025-03-21T16:06:45 fasterq-dump.3.2.0 err: param unknown while parsing argument list within application support module - Unknown argument '--gzip'
2025-03-21T16:06:45 fasterq-dump.3.2.0 err: ArgsMakeAndHandle() -> RC(rcApp,rcArgv,rcParsing,rcParam,rcUnknown)
fasterq-dump quit with error code 3
Error: FastQ file not created for SRR15503445
Processing fetal_astrocytes  samples...
/var/spool/slurmd/job821408/slurm_script: line 38: cd: too many arguments
Prefetching SRR7050888...
2025-03-21T16:06:45 prefetch.3.2.0: 1) Resolving 'SRR7050888'...
2025-03-21T16:06:47 prefetch.3.2.0: Current preference is set to retrieve SRA Normalized Format files with full base quality scores
2025-03-21T16:06:47 prefetch.3.2.0: 1) 'SRR7050888' is found locally 
2025-03-21T16:06:47 prefetch.3.2.0: 1) Resolving 'SRR7050888's dependencies...
2025-03-21T16:06:47 prefetch.3.2.0: 'SRR7050888' has 0 unresolved dependencies
Running fasterq-dump for SRR7050888...
2025-03-21T16:06:48 fasterq-dump.3.2.0 err: param unknown while parsing argument list within application support module - Unknown argument '--gzip'
2025-03-21T16:06:48 fasterq-dump.3.2.0 err: ArgsMakeAndHandle() -> RC(rcApp,rcArgv,rcParsing,rcParam,rcUnknown)
fasterq-dump quit with error code 3
Error: FastQ file not created for SRR7050888
Prefetching SRR7050889...
2025-03-21T16:06:48 prefetch.3.2.0: 1) Resolving 'SRR7050889'...
2025-03-21T16:06:49 prefetch.3.2.0: Current preference is set to retrieve SRA Normalized Format files with full base quality scores
2025-03-21T16:06:49 prefetch.3.2.0: 1) 'SRR7050889' is found locally 
2025-03-21T16:06:49 prefetch.3.2.0: 1) Resolving 'SRR7050889's dependencies...
2025-03-21T16:06:49 prefetch.3.2.0: 'SRR7050889' has 0 unresolved dependencies
Running fasterq-dump for SRR7050889...
2025-03-21T16:06:50 fasterq-dump.3.2.0 err: param unknown while parsing argument list within application support module - Unknown argument '--gzip'
2025-03-21T16:06:50 fasterq-dump.3.2.0 err: ArgsMakeAndHandle() -> RC(rcApp,rcArgv,rcParsing,rcParam,rcUnknown)
fasterq-dump quit with error code 3
Error: FastQ file not created for SRR7050889
Processing astrocytes samples...
Prefetching SRR15503422...
2025-03-21T16:06:50 prefetch.3.2.0: 1) Resolving 'SRR15503422'...
2025-03-21T16:06:52 prefetch.3.2.0: Current preference is set to retrieve SRA Normalized Format files with full base quality scores
2025-03-21T16:06:52 prefetch.3.2.0: 1) 'SRR15503422' is found locally 
2025-03-21T16:06:52 prefetch.3.2.0: 1) Resolving 'SRR15503422's dependencies...
2025-03-21T16:06:52 prefetch.3.2.0: 'SRR15503422' has 0 unresolved dependencies
Running fasterq-dump for SRR15503422...
2025-03-21T16:06:53 fasterq-dump.3.2.0 err: param unknown while parsing argument list within application support module - Unknown argument '--gzip'
2025-03-21T16:06:53 fasterq-dump.3.2.0 err: ArgsMakeAndHandle() -> RC(rcApp,rcArgv,rcParsing,rcParam,rcUnknown)
fasterq-dump quit with error code 3
Error: FastQ file not created for SRR15503422
Prefetching SRR15503424...
2025-03-21T16:06:53 prefetch.3.2.0: 1) Resolving 'SRR15503424'...
2025-03-21T16:06:54 prefetch.3.2.0: Current preference is set to retrieve SRA Normalized Format files with full base quality scores
2025-03-21T16:06:54 prefetch.3.2.0: 1) 'SRR15503424' is found locally 
2025-03-21T16:06:54 prefetch.3.2.0: 1) Resolving 'SRR15503424's dependencies...
2025-03-21T16:06:54 prefetch.3.2.0: 'SRR15503424' has 0 unresolved dependencies
Running fasterq-dump for SRR15503424...
2025-03-21T16:06:55 fasterq-dump.3.2.0 err: param unknown while parsing argument list within application support module - Unknown argument '--gzip'
2025-03-21T16:06:55 fasterq-dump.3.2.0 err: ArgsMakeAndHandle() -> RC(rcApp,rcArgv,rcParsing,rcParam,rcUnknown)
fasterq-dump quit with error code 3
Error: FastQ file not created for SRR15503424
Prefetching SRR15503426...
2025-03-21T16:06:55 prefetch.3.2.0: 1) Resolving 'SRR15503426'...
2025-03-21T16:06:57 prefetch.3.2.0: Current preference is set to retrieve SRA Normalized Format files with full base quality scores
2025-03-21T16:06:57 prefetch.3.2.0: 1) 'SRR15503426' is found locally 
2025-03-21T16:06:57 prefetch.3.2.0: 1) Resolving 'SRR15503426's dependencies...
2025-03-21T16:06:57 prefetch.3.2.0: 'SRR15503426' has 0 unresolved dependencies
Running fasterq-dump for SRR15503426...
2025-03-21T16:06:58 fasterq-dump.3.2.0 err: param unknown while parsing argument list within application support module - Unknown argument '--gzip'
2025-03-21T16:06:58 fasterq-dump.3.2.0 err: ArgsMakeAndHandle() -> RC(rcApp,rcArgv,rcParsing,rcParam,rcUnknown)
fasterq-dump quit with error code 3
Error: FastQ file not created for SRR15503426
Prefetching SRR15503428...
2025-03-21T16:06:58 prefetch.3.2.0: 1) Resolving 'SRR15503428'...
2025-03-21T16:06:59 prefetch.3.2.0: Current preference is set to retrieve SRA Normalized Format files with full base quality scores
2025-03-21T16:06:59 prefetch.3.2.0: 1) 'SRR15503428' is found locally 
2025-03-21T16:06:59 prefetch.3.2.0: 1) Resolving 'SRR15503428's dependencies...
2025-03-21T16:06:59 prefetch.3.2.0: 'SRR15503428' has 0 unresolved dependencies
Running fasterq-dump for SRR15503428...
2025-03-21T16:07:00 fasterq-dump.3.2.0 err: param unknown while parsing argument list within application support module - Unknown argument '--gzip'
2025-03-21T16:07:00 fasterq-dump.3.2.0 err: ArgsMakeAndHandle() -> RC(rcApp,rcArgv,rcParsing,rcParam,rcUnknown)
fasterq-dump quit with error code 3
Error: FastQ file not created for SRR15503428
Prefetching SRR15503430...
2025-03-21T16:07:01 prefetch.3.2.0: 1) Resolving 'SRR15503430'...
2025-03-21T16:07:02 prefetch.3.2.0: Current preference is set to retrieve SRA Normalized Format files with full base quality scores
2025-03-21T16:07:02 prefetch.3.2.0: 1) 'SRR15503430' is found locally 
2025-03-21T16:07:02 prefetch.3.2.0: 1) Resolving 'SRR15503430's dependencies...
2025-03-21T16:07:02 prefetch.3.2.0: 'SRR15503430' has 0 unresolved dependencies
Running fasterq-dump for SRR15503430...
2025-03-21T16:07:03 fasterq-dump.3.2.0 err: param unknown while parsing argument list within application support module - Unknown argument '--gzip'
2025-03-21T16:07:03 fasterq-dump.3.2.0 err: ArgsMakeAndHandle() -> RC(rcApp,rcArgv,rcParsing,rcParam,rcUnknown)
fasterq-dump quit with error code 3
Error: FastQ file not created for SRR15503430
Prefetching SRR15503440...
2025-03-21T16:07:03 prefetch.3.2.0: 1) Resolving 'SRR15503440'...
2025-03-21T16:07:04 prefetch.3.2.0: Current preference is set to retrieve SRA Normalized Format files with full base quality scores
2025-03-21T16:07:04 prefetch.3.2.0: 1) 'SRR15503440' is found locally 
2025-03-21T16:07:04 prefetch.3.2.0: 1) Resolving 'SRR15503440's dependencies...
2025-03-21T16:07:04 prefetch.3.2.0: 'SRR15503440' has 0 unresolved dependencies
Running fasterq-dump for SRR15503440...
2025-03-21T16:07:05 fasterq-dump.3.2.0 err: param unknown while parsing argument list within application support module - Unknown argument '--gzip'
2025-03-21T16:07:05 fasterq-dump.3.2.0 err: ArgsMakeAndHandle() -> RC(rcApp,rcArgv,rcParsing,rcParam,rcUnknown)
fasterq-dump quit with error code 3
Error: FastQ file not created for SRR15503440
Prefetching SRR15503432...
2025-03-21T16:07:06 prefetch.3.2.0: 1) Resolving 'SRR15503432'...
2025-03-21T16:07:07 prefetch.3.2.0: Current preference is set to retrieve SRA Normalized Format files with full base quality scores
2025-03-21T16:07:07 prefetch.3.2.0: 1) 'SRR15503432' is found locally 
2025-03-21T16:07:07 prefetch.3.2.0: 1) Resolving 'SRR15503432's dependencies...
2025-03-21T16:07:07 prefetch.3.2.0: 'SRR15503432' has 0 unresolved dependencies
Running fasterq-dump for SRR15503432...
2025-03-21T16:07:08 fasterq-dump.3.2.0 err: param unknown while parsing argument list within application support module - Unknown argument '--gzip'
2025-03-21T16:07:08 fasterq-dump.3.2.0 err: ArgsMakeAndHandle() -> RC(rcApp,rcArgv,rcParsing,rcParam,rcUnknown)
fasterq-dump quit with error code 3
Error: FastQ file not created for SRR15503432
Prefetching SRR15503434...
2025-03-21T16:07:08 prefetch.3.2.0: 1) Resolving 'SRR15503434'...
2025-03-21T16:07:09 prefetch.3.2.0: Current preference is set to retrieve SRA Normalized Format files with full base quality scores
2025-03-21T16:07:09 prefetch.3.2.0: 1) 'SRR15503434' is found locally 
2025-03-21T16:07:09 prefetch.3.2.0: 1) Resolving 'SRR15503434's dependencies...
2025-03-21T16:07:09 prefetch.3.2.0: 'SRR15503434' has 0 unresolved dependencies
Running fasterq-dump for SRR15503434...
2025-03-21T16:07:11 fasterq-dump.3.2.0 err: param unknown while parsing argument list within application support module - Unknown argument '--gzip'
2025-03-21T16:07:11 fasterq-dump.3.2.0 err: ArgsMakeAndHandle() -> RC(rcApp,rcArgv,rcParsing,rcParam,rcUnknown)
fasterq-dump quit with error code 3
Error: FastQ file not created for SRR15503434
Prefetching SRR15503442...
2025-03-21T16:07:11 prefetch.3.2.0: 1) Resolving 'SRR15503442'...
2025-03-21T16:07:12 prefetch.3.2.0: Current preference is set to retrieve SRA Normalized Format files with full base quality scores
2025-03-21T16:07:12 prefetch.3.2.0: 1) 'SRR15503442' is found locally 
2025-03-21T16:07:12 prefetch.3.2.0: 1) Resolving 'SRR15503442's dependencies...
2025-03-21T16:07:12 prefetch.3.2.0: 'SRR15503442' has 0 unresolved dependencies
Running fasterq-dump for SRR15503442...
2025-03-21T16:07:13 fasterq-dump.3.2.0 err: param unknown while parsing argument list within application support module - Unknown argument '--gzip'
2025-03-21T16:07:13 fasterq-dump.3.2.0 err: ArgsMakeAndHandle() -> RC(rcApp,rcArgv,rcParsing,rcParam,rcUnknown)
fasterq-dump quit with error code 3
Error: FastQ file not created for SRR15503442
Prefetching SRR15503448...
2025-03-21T16:07:13 prefetch.3.2.0: 1) Resolving 'SRR15503448'...
2025-03-21T16:07:14 prefetch.3.2.0: Current preference is set to retrieve SRA Normalized Format files with full base quality scores
2025-03-21T16:07:14 prefetch.3.2.0: 1) 'SRR15503448' is found locally 
2025-03-21T16:07:14 prefetch.3.2.0: 1) Resolving 'SRR15503448's dependencies...
2025-03-21T16:07:14 prefetch.3.2.0: 'SRR15503448' has 0 unresolved dependencies
Running fasterq-dump for SRR15503448...
2025-03-21T16:07:16 fasterq-dump.3.2.0 err: param unknown while parsing argument list within application support module - Unknown argument '--gzip'
2025-03-21T16:07:16 fasterq-dump.3.2.0 err: ArgsMakeAndHandle() -> RC(rcApp,rcArgv,rcParsing,rcParam,rcUnknown)
fasterq-dump quit with error code 3
Error: FastQ file not created for SRR15503448
Prefetching SRR15503450...
2025-03-21T16:07:16 prefetch.3.2.0: 1) Resolving 'SRR15503450'...
2025-03-21T16:07:17 prefetch.3.2.0: Current preference is set to retrieve SRA Normalized Format files with full base quality scores
2025-03-21T16:07:17 prefetch.3.2.0: 1) 'SRR15503450' is found locally 
2025-03-21T16:07:17 prefetch.3.2.0: 1) Resolving 'SRR15503450's dependencies...
2025-03-21T16:07:17 prefetch.3.2.0: 'SRR15503450' has 0 unresolved dependencies
Running fasterq-dump for SRR15503450...
2025-03-21T16:07:18 fasterq-dump.3.2.0 err: param unknown while parsing argument list within application support module - Unknown argument '--gzip'
2025-03-21T16:07:18 fasterq-dump.3.2.0 err: ArgsMakeAndHandle() -> RC(rcApp,rcArgv,rcParsing,rcParam,rcUnknown)
fasterq-dump quit with error code 3
Error: FastQ file not created for SRR15503450
Prefetching SRR15503452...
2025-03-21T16:07:18 prefetch.3.2.0: 1) Resolving 'SRR15503452'...
2025-03-21T16:07:19 prefetch.3.2.0: Current preference is set to retrieve SRA Normalized Format files with full base quality scores
2025-03-21T16:07:19 prefetch.3.2.0: 1) 'SRR15503452' is found locally 
2025-03-21T16:07:19 prefetch.3.2.0: 1) Resolving 'SRR15503452's dependencies...
2025-03-21T16:07:19 prefetch.3.2.0: 'SRR15503452' has 0 unresolved dependencies
Running fasterq-dump for SRR15503452...
2025-03-21T16:07:21 fasterq-dump.3.2.0 err: param unknown while parsing argument list within application support module - Unknown argument '--gzip'
2025-03-21T16:07:21 fasterq-dump.3.2.0 err: ArgsMakeAndHandle() -> RC(rcApp,rcArgv,rcParsing,rcParam,rcUnknown)
fasterq-dump quit with error code 3
Error: FastQ file not created for SRR15503452

Download process completed! 
Check /fs/scratch/PAS2598/All_RNAseq_Samples/download_report.txt for detailed information.
