Processing cortical_neurons samples...
Prefetching SRR7050886...
2025-03-21T16:17:54 prefetch.3.2.0: 1) Resolving 'SRR7050886'...
2025-03-21T16:17:56 prefetch.3.2.0: Current preference is set to retrieve SRA Normalized Format files with full base quality scores
2025-03-21T16:17:56 prefetch.3.2.0: 1) 'SRR7050886' is found locally 
2025-03-21T16:17:56 prefetch.3.2.0: 1) Resolving 'SRR7050886's dependencies...
2025-03-21T16:17:56 prefetch.3.2.0: 'SRR7050886' has 0 unresolved dependencies
Running fasterq-dump for SRR7050886...
spots read      : 34,010,938
reads read      : 68,021,876
reads written   : 34,010,938
reads 0-length  : 34,010,938
Compressing file...
Successfully processed SRR7050886
Prefetching SRR7050887...
2025-03-21T16:30:33 prefetch.3.2.0: 1) Resolving 'SRR7050887'...
2025-03-21T16:30:34 prefetch.3.2.0: Current preference is set to retrieve SRA Normalized Format files with full base quality scores
2025-03-21T16:30:34 prefetch.3.2.0: 1) 'SRR7050887' is found locally 
2025-03-21T16:30:34 prefetch.3.2.0: 1) Resolving 'SRR7050887's dependencies...
2025-03-21T16:30:34 prefetch.3.2.0: 'SRR7050887' has 0 unresolved dependencies
Running fasterq-dump for SRR7050887...
spots read      : 39,467,102
reads read      : 78,934,204
reads written   : 39,467,102
reads 0-length  : 39,467,102
Compressing file...
Successfully processed SRR7050887
Prefetching SRR8400799...
2025-03-21T16:45:14 prefetch.3.2.0: 1) Resolving 'SRR8400799'...
2025-03-21T16:45:15 prefetch.3.2.0: Current preference is set to retrieve SRA Normalized Format files with full base quality scores
2025-03-21T16:45:15 prefetch.3.2.0: 1) 'SRR8400799' is found locally 
2025-03-21T16:45:15 prefetch.3.2.0: 1) Resolving 'SRR8400799's dependencies...
2025-03-21T16:45:15 prefetch.3.2.0: 'SRR8400799' has 0 unresolved dependencies
Running fasterq-dump for SRR8400799...
spots read      : 3,578,694
reads read      : 7,157,388
reads written   : 3,578,694
reads 0-length  : 3,578,694
Compressing file...
Successfully processed SRR8400799
Prefetching SRR8400800...
2025-03-21T16:46:26 prefetch.3.2.0: 1) Resolving 'SRR8400800'...
2025-03-21T16:46:27 prefetch.3.2.0: Current preference is set to retrieve SRA Normalized Format files with full base quality scores
2025-03-21T16:46:28 prefetch.3.2.0: 1) 'SRR8400800' is found locally 
2025-03-21T16:46:28 prefetch.3.2.0: 1) Resolving 'SRR8400800's dependencies...
2025-03-21T16:46:28 prefetch.3.2.0: 'SRR8400800' has 0 unresolved dependencies
Running fasterq-dump for SRR8400800...
spots read      : 4,548,052
reads read      : 9,096,104
reads written   : 4,548,052
reads 0-length  : 4,548,052
Compressing file...
Successfully processed SRR8400800
Prefetching SRR8400801...
2025-03-21T16:47:58 prefetch.3.2.0: 1) Resolving 'SRR8400801'...
2025-03-21T16:47:59 prefetch.3.2.0: Current preference is set to retrieve SRA Normalized Format files with full base quality scores
2025-03-21T16:47:59 prefetch.3.2.0: 1) 'SRR8400801' is found locally 
2025-03-21T16:47:59 prefetch.3.2.0: 1) Resolving 'SRR8400801's dependencies...
2025-03-21T16:47:59 prefetch.3.2.0: 'SRR8400801' has 0 unresolved dependencies
Running fasterq-dump for SRR8400801...
spots read      : 3,052,244
reads read      : 6,104,488
reads written   : 3,052,244
reads 0-length  : 3,052,244
Compressing file...
Successfully processed SRR8400801
Prefetching SRR8400802...
2025-03-21T16:49:00 prefetch.3.2.0: 1) Resolving 'SRR8400802'...
2025-03-21T16:49:01 prefetch.3.2.0: Current preference is set to retrieve SRA Normalized Format files with full base quality scores
2025-03-21T16:49:01 prefetch.3.2.0: 1) 'SRR8400802' is found locally 
2025-03-21T16:49:01 prefetch.3.2.0: 1) Resolving 'SRR8400802's dependencies...
2025-03-21T16:49:01 prefetch.3.2.0: 'SRR8400802' has 0 unresolved dependencies
Running fasterq-dump for SRR8400802...
spots read      : 3,408,820
reads read      : 6,817,640
reads written   : 3,408,820
reads 0-length  : 3,408,820
Compressing file...
Successfully processed SRR8400802
Prefetching SRR8400803...
2025-03-21T16:50:09 prefetch.3.2.0: 1) Resolving 'SRR8400803'...
2025-03-21T16:50:10 prefetch.3.2.0: Current preference is set to retrieve SRA Normalized Format files with full base quality scores
2025-03-21T16:50:10 prefetch.3.2.0: 1) 'SRR8400803' is found locally 
2025-03-21T16:50:10 prefetch.3.2.0: 1) Resolving 'SRR8400803's dependencies...
2025-03-21T16:50:10 prefetch.3.2.0: 'SRR8400803' has 0 unresolved dependencies
Running fasterq-dump for SRR8400803...
spots read      : 2,966,742
reads read      : 5,933,484
reads written   : 2,966,742
reads 0-length  : 2,966,742
Compressing file...
Successfully processed SRR8400803
Prefetching SRR8400804...
2025-03-21T16:51:09 prefetch.3.2.0: 1) Resolving 'SRR8400804'...
2025-03-21T16:51:10 prefetch.3.2.0: Current preference is set to retrieve SRA Normalized Format files with full base quality scores
2025-03-21T16:51:10 prefetch.3.2.0: 1) 'SRR8400804' is found locally 
2025-03-21T16:51:10 prefetch.3.2.0: 1) Resolving 'SRR8400804's dependencies...
2025-03-21T16:51:10 prefetch.3.2.0: 'SRR8400804' has 0 unresolved dependencies
Running fasterq-dump for SRR8400804...
spots read      : 4,215,500
reads read      : 8,431,000
reads written   : 4,215,500
reads 0-length  : 4,215,500
Compressing file...
Successfully processed SRR8400804
Prefetching SRR15503436...
2025-03-21T16:52:34 prefetch.3.2.0: 1) Resolving 'SRR15503436'...
2025-03-21T16:52:35 prefetch.3.2.0: Current preference is set to retrieve SRA Normalized Format files with full base quality scores
2025-03-21T16:52:35 prefetch.3.2.0: 1) 'SRR15503436' is found locally 
2025-03-21T16:52:35 prefetch.3.2.0: 1) Resolving 'SRR15503436's dependencies...
2025-03-21T16:52:35 prefetch.3.2.0: 'SRR15503436' has 0 unresolved dependencies
Running fasterq-dump for SRR15503436...
spots read      : 6,940,482
reads read      : 13,880,964
reads written   : 6,940,482
reads 0-length  : 6,940,482
Compressing file...
Successfully processed SRR15503436
Prefetching SRR15503437...
2025-03-21T16:55:31 prefetch.3.2.0: 1) Resolving 'SRR15503437'...
2025-03-21T16:55:32 prefetch.3.2.0: Current preference is set to retrieve SRA Normalized Format files with full base quality scores
2025-03-21T16:55:32 prefetch.3.2.0: 1) 'SRR15503437' is found locally 
2025-03-21T16:55:32 prefetch.3.2.0: 1) Resolving 'SRR15503437's dependencies...
2025-03-21T16:55:32 prefetch.3.2.0: 'SRR15503437' has 0 unresolved dependencies
Running fasterq-dump for SRR15503437...
spots read      : 6,313,980
reads read      : 12,627,960
reads written   : 6,313,980
reads 0-length  : 6,313,980
Compressing file...
Successfully processed SRR15503437
Processing NPCs samples...
Prefetching SRR15503444...
2025-03-21T16:58:11 prefetch.3.2.0: 1) Resolving 'SRR15503444'...
2025-03-21T16:58:12 prefetch.3.2.0: Current preference is set to retrieve SRA Normalized Format files with full base quality scores
2025-03-21T16:58:12 prefetch.3.2.0: 1) 'SRR15503444' is found locally 
2025-03-21T16:58:12 prefetch.3.2.0: 1) Resolving 'SRR15503444's dependencies...
2025-03-21T16:58:12 prefetch.3.2.0: 'SRR15503444' has 0 unresolved dependencies
Running fasterq-dump for SRR15503444...
spots read      : 6,246,626
reads read      : 12,493,252
reads written   : 6,246,626
reads 0-length  : 6,246,626
Compressing file...
Successfully processed SRR15503444
Prefetching SRR15503445...
2025-03-21T17:00:49 prefetch.3.2.0: 1) Resolving 'SRR15503445'...
2025-03-21T17:00:50 prefetch.3.2.0: Current preference is set to retrieve SRA Normalized Format files with full base quality scores
2025-03-21T17:00:50 prefetch.3.2.0: 1) 'SRR15503445' is found locally 
2025-03-21T17:00:50 prefetch.3.2.0: 1) Resolving 'SRR15503445's dependencies...
2025-03-21T17:00:50 prefetch.3.2.0: 'SRR15503445' has 0 unresolved dependencies
Running fasterq-dump for SRR15503445...
spots read      : 6,463,817
reads read      : 12,927,634
reads written   : 6,463,817
reads 0-length  : 6,463,817
Compressing file...
Successfully processed SRR15503445
Processing fetal_astrocytes  samples...
/var/spool/slurmd/job821414/slurm_script: line 38: cd: too many arguments
Prefetching SRR7050888...
2025-03-21T17:03:34 prefetch.3.2.0: 1) Resolving 'SRR7050888'...
2025-03-21T17:03:35 prefetch.3.2.0: Current preference is set to retrieve SRA Normalized Format files with full base quality scores
2025-03-21T17:03:36 prefetch.3.2.0: 1) 'SRR7050888' is found locally 
2025-03-21T17:03:36 prefetch.3.2.0: 1) Resolving 'SRR7050888's dependencies...
2025-03-21T17:03:36 prefetch.3.2.0: 'SRR7050888' has 0 unresolved dependencies
Running fasterq-dump for SRR7050888...
spots read      : 49,124,110
reads read      : 98,248,220
reads written   : 49,124,110
reads 0-length  : 49,124,110
Compressing file...
Successfully processed SRR7050888
Prefetching SRR7050889...
2025-03-21T17:17:26 prefetch.3.2.0: 1) Resolving 'SRR7050889'...
2025-03-21T17:17:27 prefetch.3.2.0: Current preference is set to retrieve SRA Normalized Format files with full base quality scores
2025-03-21T17:17:27 prefetch.3.2.0: 1) 'SRR7050889' is found locally 
2025-03-21T17:17:27 prefetch.3.2.0: 1) Resolving 'SRR7050889's dependencies...
2025-03-21T17:17:27 prefetch.3.2.0: 'SRR7050889' has 0 unresolved dependencies
Running fasterq-dump for SRR7050889...
spots read      : 12,269,117
reads read      : 24,538,234
reads written   : 12,269,117
reads 0-length  : 12,269,117
Compressing file...
Successfully processed SRR7050889
Processing astrocytes samples...
Prefetching SRR15503422...
2025-03-21T17:20:51 prefetch.3.2.0: 1) Resolving 'SRR15503422'...
2025-03-21T17:20:52 prefetch.3.2.0: Current preference is set to retrieve SRA Normalized Format files with full base quality scores
2025-03-21T17:20:52 prefetch.3.2.0: 1) 'SRR15503422' is found locally 
2025-03-21T17:20:52 prefetch.3.2.0: 1) Resolving 'SRR15503422's dependencies...
2025-03-21T17:20:52 prefetch.3.2.0: 'SRR15503422' has 0 unresolved dependencies
Running fasterq-dump for SRR15503422...
spots read      : 5,428,693
reads read      : 10,857,386
reads written   : 5,428,693
reads 0-length  : 5,428,693
Compressing file...
Successfully processed SRR15503422
Prefetching SRR15503424...
2025-03-21T17:23:23 prefetch.3.2.0: 1) Resolving 'SRR15503424'...
2025-03-21T17:23:24 prefetch.3.2.0: Current preference is set to retrieve SRA Normalized Format files with full base quality scores
2025-03-21T17:23:24 prefetch.3.2.0: 1) 'SRR15503424' is found locally 
2025-03-21T17:23:24 prefetch.3.2.0: 1) Resolving 'SRR15503424's dependencies...
2025-03-21T17:23:24 prefetch.3.2.0: 'SRR15503424' has 0 unresolved dependencies
Running fasterq-dump for SRR15503424...
spots read      : 7,826,950
reads read      : 15,653,900
reads written   : 7,826,950
reads 0-length  : 7,826,950
Compressing file...
Successfully processed SRR15503424
Prefetching SRR15503426...
2025-03-21T17:26:54 prefetch.3.2.0: 1) Resolving 'SRR15503426'...
2025-03-21T17:26:55 prefetch.3.2.0: Current preference is set to retrieve SRA Normalized Format files with full base quality scores
2025-03-21T17:26:55 prefetch.3.2.0: 1) 'SRR15503426' is found locally 
2025-03-21T17:26:55 prefetch.3.2.0: 1) Resolving 'SRR15503426's dependencies...
2025-03-21T17:26:55 prefetch.3.2.0: 'SRR15503426' has 0 unresolved dependencies
Running fasterq-dump for SRR15503426...
spots read      : 5,594,468
reads read      : 11,188,936
reads written   : 5,594,468
reads 0-length  : 5,594,468
Compressing file...
Successfully processed SRR15503426
Prefetching SRR15503428...
2025-03-21T17:29:25 prefetch.3.2.0: 1) Resolving 'SRR15503428'...
2025-03-21T17:29:27 prefetch.3.2.0: Current preference is set to retrieve SRA Normalized Format files with full base quality scores
2025-03-21T17:29:27 prefetch.3.2.0: 1) 'SRR15503428' is found locally 
2025-03-21T17:29:27 prefetch.3.2.0: 1) Resolving 'SRR15503428's dependencies...
2025-03-21T17:29:27 prefetch.3.2.0: 'SRR15503428' has 0 unresolved dependencies
Running fasterq-dump for SRR15503428...
spots read      : 6,546,151
reads read      : 13,092,302
reads written   : 6,546,151
reads 0-length  : 6,546,151
Compressing file...
Successfully processed SRR15503428
Prefetching SRR15503430...
2025-03-21T17:32:12 prefetch.3.2.0: 1) Resolving 'SRR15503430'...
2025-03-21T17:32:13 prefetch.3.2.0: Current preference is set to retrieve SRA Normalized Format files with full base quality scores
2025-03-21T17:32:13 prefetch.3.2.0: 1) 'SRR15503430' is found locally 
2025-03-21T17:32:13 prefetch.3.2.0: 1) Resolving 'SRR15503430's dependencies...
2025-03-21T17:32:13 prefetch.3.2.0: 'SRR15503430' has 0 unresolved dependencies
Running fasterq-dump for SRR15503430...
spots read      : 5,749,909
reads read      : 11,499,818
reads written   : 5,749,909
reads 0-length  : 5,749,909
Compressing file...
Successfully processed SRR15503430
Prefetching SRR15503440...
2025-03-21T17:34:39 prefetch.3.2.0: 1) Resolving 'SRR15503440'...
2025-03-21T17:34:40 prefetch.3.2.0: Current preference is set to retrieve SRA Normalized Format files with full base quality scores
2025-03-21T17:34:41 prefetch.3.2.0: 1) 'SRR15503440' is found locally 
2025-03-21T17:34:41 prefetch.3.2.0: 1) Resolving 'SRR15503440's dependencies...
2025-03-21T17:34:41 prefetch.3.2.0: 'SRR15503440' has 0 unresolved dependencies
Running fasterq-dump for SRR15503440...
spots read      : 6,249,056
reads read      : 12,498,112
reads written   : 6,249,056
reads 0-length  : 6,249,056
Compressing file...
Successfully processed SRR15503440
Prefetching SRR15503432...
2025-03-21T17:37:16 prefetch.3.2.0: 1) Resolving 'SRR15503432'...
2025-03-21T17:37:18 prefetch.3.2.0: Current preference is set to retrieve SRA Normalized Format files with full base quality scores
2025-03-21T17:37:18 prefetch.3.2.0: 1) 'SRR15503432' is found locally 
2025-03-21T17:37:18 prefetch.3.2.0: 1) Resolving 'SRR15503432's dependencies...
2025-03-21T17:37:18 prefetch.3.2.0: 'SRR15503432' has 0 unresolved dependencies
Running fasterq-dump for SRR15503432...
spots read      : 5,938,851
reads read      : 11,877,702
reads written   : 5,938,851
reads 0-length  : 5,938,851
Compressing file...
Successfully processed SRR15503432
Prefetching SRR15503434...
2025-03-21T17:39:42 prefetch.3.2.0: 1) Resolving 'SRR15503434'...
2025-03-21T17:39:43 prefetch.3.2.0: Current preference is set to retrieve SRA Normalized Format files with full base quality scores
2025-03-21T17:39:43 prefetch.3.2.0: 1) 'SRR15503434' is found locally 
2025-03-21T17:39:43 prefetch.3.2.0: 1) Resolving 'SRR15503434's dependencies...
2025-03-21T17:39:43 prefetch.3.2.0: 'SRR15503434' has 0 unresolved dependencies
Running fasterq-dump for SRR15503434...
spots read      : 6,955,844
reads read      : 13,911,688
reads written   : 6,955,844
reads 0-length  : 6,955,844
Compressing file...
Successfully processed SRR15503434
Prefetching SRR15503442...
2025-03-21T17:42:37 prefetch.3.2.0: 1) Resolving 'SRR15503442'...
2025-03-21T17:42:39 prefetch.3.2.0: Current preference is set to retrieve SRA Normalized Format files with full base quality scores
2025-03-21T17:42:39 prefetch.3.2.0: 1) 'SRR15503442' is found locally 
2025-03-21T17:42:39 prefetch.3.2.0: 1) Resolving 'SRR15503442's dependencies...
2025-03-21T17:42:39 prefetch.3.2.0: 'SRR15503442' has 0 unresolved dependencies
Running fasterq-dump for SRR15503442...
spots read      : 6,164,634
reads read      : 12,329,268
reads written   : 6,164,634
reads 0-length  : 6,164,634
Compressing file...
Successfully processed SRR15503442
Prefetching SRR15503448...
2025-03-21T17:45:13 prefetch.3.2.0: 1) Resolving 'SRR15503448'...
2025-03-21T17:45:15 prefetch.3.2.0: Current preference is set to retrieve SRA Normalized Format files with full base quality scores
2025-03-21T17:45:15 prefetch.3.2.0: 1) 'SRR15503448' is found locally 
2025-03-21T17:45:15 prefetch.3.2.0: 1) Resolving 'SRR15503448's dependencies...
2025-03-21T17:45:15 prefetch.3.2.0: 'SRR15503448' has 0 unresolved dependencies
Running fasterq-dump for SRR15503448...
spots read      : 6,382,250
reads read      : 12,764,500
reads written   : 6,382,250
reads 0-length  : 6,382,250
Compressing file...
Successfully processed SRR15503448
Prefetching SRR15503450...
2025-03-21T17:48:10 prefetch.3.2.0: 1) Resolving 'SRR15503450'...
2025-03-21T17:48:11 prefetch.3.2.0: Current preference is set to retrieve SRA Normalized Format files with full base quality scores
2025-03-21T17:48:11 prefetch.3.2.0: 1) 'SRR15503450' is found locally 
2025-03-21T17:48:11 prefetch.3.2.0: 1) Resolving 'SRR15503450's dependencies...
2025-03-21T17:48:11 prefetch.3.2.0: 'SRR15503450' has 0 unresolved dependencies
Running fasterq-dump for SRR15503450...
spots read      : 8,926,242
reads read      : 17,852,484
reads written   : 8,926,242
reads 0-length  : 8,926,242
Compressing file...
Successfully processed SRR15503450
Prefetching SRR15503452...
2025-03-21T17:52:09 prefetch.3.2.0: 1) Resolving 'SRR15503452'...
2025-03-21T17:52:11 prefetch.3.2.0: Current preference is set to retrieve SRA Normalized Format files with full base quality scores
2025-03-21T17:52:11 prefetch.3.2.0: 1) 'SRR15503452' is found locally 
2025-03-21T17:52:11 prefetch.3.2.0: 1) Resolving 'SRR15503452's dependencies...
2025-03-21T17:52:11 prefetch.3.2.0: 'SRR15503452' has 0 unresolved dependencies
Running fasterq-dump for SRR15503452...
spots read      : 7,766,583
reads read      : 15,533,166
reads written   : 7,766,583
reads 0-length  : 7,766,583
Compressing file...
Successfully processed SRR15503452

Download process completed! 
Check /fs/scratch/PAS2598/All_RNAseq_Samples/download_report.txt for detailed information.
